<?xml version="1.0" encoding="UTF-8"?>
<!-- Generated by org.testng.reporters.JUnitReportReporter -->
<testsuite hostname="SLW10106" name="com.unit4test.testbase.LoginTestDriverCases" tests="11" failures="0" timestamp="11 Oct 2017 12:30:25 GMT" time="73.111" errors="0">
  <testcase name="wrongUsernamePasswordEntered" time="8.293" classname="com.unit4test.testbase.LoginTestDriverCases"/>
  <testcase name="wrongPasswordEntered" time="7.980" classname="com.unit4test.testbase.LoginTestDriverCases"/>
  <testcase name="wrongUsernameClientPasswordEntered" time="7.044" classname="com.unit4test.testbase.LoginTestDriverCases"/>
  <testcase name="verifyLogin" time="8.633" classname="com.unit4test.testbase.LoginTestDriverCases"/>
  <testcase name="wrongUserNameEntered" time="8.836" classname="com.unit4test.testbase.LoginTestDriverCases"/>
  <testcase name="wrongClientNameEntered" time="8.054" classname="com.unit4test.testbase.LoginTestDriverCases"/>
  <testcase name="wrongClientPasswordEntered" time="8.059" classname="com.unit4test.testbase.LoginTestDriverCases"/>
  <testcase name="verifyLogout" time="4.599" classname="com.unit4test.testbase.LoginTestDriverCases"/>
  <testcase name="wrongUsernameClientEntered" time="7.947" classname="com.unit4test.testbase.LoginTestDriverCases"/>
  <testcase name="verifyTitle" time="0.385" classname="com.unit4test.testbase.LoginTestDriverCases"/>
  <testcase name="blankLoginEntered" time="3.281" classname="com.unit4test.testbase.LoginTestDriverCases"/>
</testsuite> <!-- com.unit4test.testbase.LoginTestDriverCases -->
