<?xml version="1.0" encoding="UTF-8"?>
<!-- Generated by org.testng.reporters.JUnitReportReporter -->
<testsuite hostname="SLW10106" name="com.unit4test.testbase.LoginTestDriverCases" tests="11" failures="0" timestamp="11 Oct 2017 09:13:21 GMT" time="33.683" errors="0">
  <testcase name="verifyLogout" time="2.281" classname="com.unit4test.testbase.LoginTestDriverCases"/>
  <testcase name="wrongUserNameEntered" time="3.916" classname="com.unit4test.testbase.LoginTestDriverCases"/>
  <testcase name="wrongClientNameEntered" time="3.576" classname="com.unit4test.testbase.LoginTestDriverCases"/>
  <testcase name="wrongClientPasswordEntered" time="3.726" classname="com.unit4test.testbase.LoginTestDriverCases"/>
  <testcase name="wrongUsernameClientPasswordEntered" time="3.859" classname="com.unit4test.testbase.LoginTestDriverCases"/>
  <testcase name="verifyLogin" time="4.084" classname="com.unit4test.testbase.LoginTestDriverCases"/>
  <testcase name="wrongUsernameClientEntered" time="3.787" classname="com.unit4test.testbase.LoginTestDriverCases"/>
  <testcase name="blankLoginEntered" time="0.502" classname="com.unit4test.testbase.LoginTestDriverCases"/>
  <testcase name="wrongUsernamePasswordEntered" time="3.683" classname="com.unit4test.testbase.LoginTestDriverCases"/>
  <testcase name="verifyTitle" time="0.486" classname="com.unit4test.testbase.LoginTestDriverCases"/>
  <testcase name="wrongPasswordEntered" time="3.783" classname="com.unit4test.testbase.LoginTestDriverCases"/>
</testsuite> <!-- com.unit4test.testbase.LoginTestDriverCases -->
