<?xml version="1.0" encoding="UTF-8"?>
<!-- Generated by org.testng.reporters.JUnitReportReporter -->
<testsuite hostname="SLW10106" name="com.unit4test.testbase.LoginTestDriverCases" tests="11" failures="0" timestamp="22 Sep 2017 13:13:15 GMT" time="32.874" errors="0">
  <testcase name="blankLoginEntered" time="0.356" classname="com.unit4test.testbase.LoginTestDriverCases"/>
  <testcase name="wrongUserNameEntered" time="3.765" classname="com.unit4test.testbase.LoginTestDriverCases"/>
  <testcase name="wrongClientNameEntered" time="3.554" classname="com.unit4test.testbase.LoginTestDriverCases"/>
  <testcase name="wrongUsernameClientEntered" time="3.626" classname="com.unit4test.testbase.LoginTestDriverCases"/>
  <testcase name="verifyLogin" time="3.975" classname="com.unit4test.testbase.LoginTestDriverCases"/>
  <testcase name="verifyTitle" time="0.120" classname="com.unit4test.testbase.LoginTestDriverCases"/>
  <testcase name="verifyLogout" time="2.328" classname="com.unit4test.testbase.LoginTestDriverCases"/>
  <testcase name="wrongUsernamePasswordEntered" time="3.658" classname="com.unit4test.testbase.LoginTestDriverCases"/>
  <testcase name="wrongPasswordEntered" time="4.219" classname="com.unit4test.testbase.LoginTestDriverCases"/>
  <testcase name="wrongClientPasswordEntered" time="3.675" classname="com.unit4test.testbase.LoginTestDriverCases"/>
  <testcase name="wrongUsernameClientPasswordEntered" time="3.598" classname="com.unit4test.testbase.LoginTestDriverCases"/>
</testsuite> <!-- com.unit4test.testbase.LoginTestDriverCases -->
